[17:09:30,643][WARNING][main][G] Ignite work directory is not provided, automatically resolved to: C:\Users\pipi\OneDrive\桌面\apache-ignite-2.16.0-bin\work
[17:09:30,648][WARNING][main][G] Consistent ID is not set, it is recommended to set consistent ID for production clusters (use IgniteConfiguration.setConsistentId property)
[17:09:30,712][INFO][main][IgniteKernal] 

>>>    __________  ________________  
>>>   /  _/ ___/ |/ /  _/_  __/ __/  
>>>  _/ // (7 7    // /  / / / _/    
>>> /___/\___/_/|_/___/ /_/ /___/   
>>> 
>>> ver. 2.16.0#20231215-sha1:7bde6a42
>>> 2023 Copyright(C) Apache Software Foundation
>>> 
>>> Ignite documentation: https://ignite.apache.org

[17:09:30,719][INFO][main][IgniteKernal] Config URL: file:/C:/Users/pipi/OneDrive/桌面/apache-ignite-2.16.0-bin/config/default-config.xml
[17:09:30,731][INFO][main][IgniteKernal] IgniteConfiguration [igniteInstanceName=null, pubPoolSize=16, svcPoolSize=16, callbackPoolSize=16, stripedPoolSize=16, sysPoolSize=16, mgmtPoolSize=4, dataStreamerPoolSize=16, utilityCachePoolSize=16, utilityCacheKeepAliveTime=60000, p2pPoolSize=2, qryPoolSize=16, buildIdxPoolSize=4, igniteHome=C:\Users\pipi\OneDrive\桌面\apache-ignite-2.16.0-bin, igniteWorkDir=C:\Users\pipi\OneDrive\桌面\apache-ignite-2.16.0-bin\work, mbeanSrv=com.sun.jmx.mbeanserver.JmxMBeanServer@79defdc, nodeId=582e93ca-1723-4aff-9212-caceaf3eafdd, marsh=BinaryMarshaller [], marshLocJobs=false, p2pEnabled=false, netTimeout=5000, netCompressionLevel=1, sndRetryDelay=1000, sndRetryCnt=3, metricsHistSize=10000, metricsUpdateFreq=2000, metricsExpTime=9223372036854775807, discoSpi=TcpDiscoverySpi [addrRslvr=null, addressFilter=null, sockTimeout=0, ackTimeout=0, marsh=null, reconCnt=10, reconDelay=2000, maxAckTimeout=600000, soLinger=0, forceSrvMode=false, clientReconnectDisabled=false, internalLsnr=null, skipAddrsRandomization=false], segPlc=USE_FAILURE_HANDLER, segResolveAttempts=2, waitForSegOnStart=true, allResolversPassReq=true, segChkFreq=10000, commSpi=TcpCommunicationSpi [connectGate=org.apache.ignite.spi.communication.tcp.internal.ConnectGateway@1e63ec0b, ctxInitLatch=java.util.concurrent.CountDownLatch@3b956878[Count = 1], stopping=false, clientPool=null, nioSrvWrapper=null, stateProvider=null], evtSpi=org.apache.ignite.spi.eventstorage.NoopEventStorageSpi@36546a22, colSpi=NoopCollisionSpi [], deploySpi=LocalDeploymentSpi [], indexingSpi=org.apache.ignite.spi.indexing.noop.NoopIndexingSpi@3d484181, addrRslvr=null, encryptionSpi=org.apache.ignite.spi.encryption.noop.NoopEncryptionSpi@6111ba37, tracingSpi=org.apache.ignite.spi.tracing.NoopTracingSpi@7be58f16, clientMode=false, rebalanceThreadPoolSize=4, rebalanceTimeout=10000, rebalanceBatchesPrefetchCnt=3, rebalanceThrottle=0, rebalanceBatchSize=524288, txCfg=TransactionConfiguration [txSerEnabled=false, dfltIsolation=REPEATABLE_READ, dfltConcurrency=PESSIMISTIC, dfltTxTimeout=0, txTimeoutOnPartitionMapExchange=0, pessimisticTxLogSize=0, pessimisticTxLogLinger=10000, tmLookupClsName=null, txManagerFactory=null, useJtaSync=false], cacheSanityCheckEnabled=true, discoStartupDelay=60000, deployMode=SHARED, p2pMissedCacheSize=100, locHost=null, timeSrvPortBase=31100, timeSrvPortRange=100, failureDetectionTimeout=10000, sysWorkerBlockedTimeout=null, clientFailureDetectionTimeout=30000, metricsLogFreq=60000, connectorCfg=ConnectorConfiguration [jettyPath=null, host=null, port=11211, noDelay=true, directBuf=false, sndBufSize=32768, rcvBufSize=32768, idleQryCurTimeout=600000, idleQryCurCheckFreq=60000, sndQueueLimit=0, selectorCnt=4, idleTimeout=7000, sslEnabled=false, sslClientAuth=false, sslFactory=null, portRange=100, threadPoolSize=16, msgInterceptor=null], odbcCfg=null, warmupClos=null, atomicCfg=AtomicConfiguration [seqReserveSize=1000, cacheMode=PARTITIONED, backups=1, aff=null, grpName=null], classLdr=null, sslCtxFactory=null, platformCfg=null, binaryCfg=null, memCfg=null, pstCfg=null, dsCfg=DataStorageConfiguration [pageSize=0, concLvl=0, sysDataRegConf=org.apache.ignite.configuration.SystemDataRegionConfiguration@14f5da2c, dfltDataRegConf=DataRegionConfiguration [name=default, maxSize=3396068147, initSize=268435456, swapPath=null, pageEvictionMode=DISABLED, pageReplacementMode=CLOCK, evictionThreshold=0.9, emptyPagesPoolSize=100, metricsEnabled=false, metricsSubIntervalCount=5, metricsRateTimeInterval=60000, persistenceEnabled=true, checkpointPageBufSize=0, lazyMemoryAllocation=true, warmUpCfg=null, memoryAllocator=null, cdcEnabled=false], dataRegions=null, storagePath=null, checkpointFreq=180000, lockWaitTime=10000, checkpointThreads=4, checkpointWriteOrder=SEQUENTIAL, walHistSize=20, maxWalArchiveSize=1073741824, walSegments=10, walSegmentSize=67108864, walPath=db/wal, walArchivePath=db/wal/archive, cdcWalPath=db/wal/cdc, cdcWalDirMaxSize=0, metricsEnabled=false, walMode=LOG_ONLY, walTlbSize=131072, walBuffSize=0, walFlushFreq=2000, walFsyncDelay=1000, walRecordIterBuffSize=67108864, alwaysWriteFullPages=false, fileIOFactory=org.apache.ignite.internal.processors.cache.persistence.file.AsyncFileIOFactory@30f5a68a, metricsSubIntervalCnt=5, metricsRateTimeInterval=60000, walAutoArchiveAfterInactivity=-1, walForceArchiveTimeout=-1, writeThrottlingEnabled=false, walCompactionEnabled=false, walCompactionLevel=1, checkpointReadLockTimeout=null, walPageCompression=DISABLED, walPageCompressionLevel=null, dfltWarmUpCfg=null, encCfg=org.apache.ignite.configuration.EncryptionConfiguration@4f2c9ba6, defragmentationThreadPoolSize=4, minWalArchiveSize=-1, memoryAllocator=null], snapshotPath=snapshots, snapshotThreadPoolSize=4, activeOnStart=true, activeOnStartPropSetFlag=false, autoActivation=true, autoActivationPropSetFlag=false, clusterStateOnStart=null, sqlConnCfg=null, cliConnCfg=ClientConnectorConfiguration [host=null, port=10800, portRange=100, sockSndBufSize=0, sockRcvBufSize=0, tcpNoDelay=true, maxOpenCursorsPerConn=128, threadPoolSize=16, selectorCnt=8, idleTimeout=0, handshakeTimeout=10000, jdbcEnabled=true, odbcEnabled=true, thinCliEnabled=true, sslEnabled=false, useIgniteSslCtxFactory=true, sslClientAuth=false, sslCtxFactory=null, thinCliCfg=ThinClientConfiguration [maxActiveTxPerConn=100, maxActiveComputeTasksPerConn=0, sendServerExcStackTraceToClient=false], sesOutboundMsgQueueLimit=0], mvccVacuumThreadCnt=2, mvccVacuumFreq=5000, authEnabled=false, failureHnd=null, commFailureRslvr=null, sqlCfg=SqlConfiguration [longQryWarnTimeout=3000, dfltQryTimeout=0, sqlQryHistSize=1000, validationEnabled=false], asyncContinuationExecutor=null]
[17:09:30,731][INFO][main][IgniteKernal] OS: Windows 11 10.0 amd64
[17:09:30,731][INFO][main][IgniteKernal] OS user: pipi
[17:09:30,739][INFO][main][IgniteKernal] PID: 6504
[17:09:30,740][INFO][main][IgniteKernal] Language runtime: Java Platform API Specification ver. 22
[17:09:30,740][INFO][main][IgniteKernal] VM information: Java(TM) SE Runtime Environment 22.0.1+8-16 Oracle Corporation Java HotSpot(TM) 64-Bit Server VM 22.0.1+8-16
[17:09:30,740][INFO][main][IgniteKernal] VM total memory: 1.0GB
[17:09:30,740][INFO][main][IgniteKernal] Remote Management [restart: on, REST: on, JMX (remote: off)]
[17:09:30,740][INFO][main][IgniteKernal] Logger: JavaLogger [quiet=true, config=null]
[17:09:30,741][INFO][main][IgniteKernal] IGNITE_HOME=C:\Users\pipi\OneDrive\桌面\apache-ignite-2.16.0-bin
[17:09:30,741][INFO][main][IgniteKernal] VM arguments: [--add-opens=java.base/jdk.internal.access=ALL-UNNAMED, --add-opens=java.base/jdk.internal.misc=ALL-UNNAMED, --add-opens=java.base/sun.nio.ch=ALL-UNNAMED, --add-opens=java.base/sun.util.calendar=ALL-UNNAMED, --add-opens=java.management/com.sun.jmx.mbeanserver=ALL-UNNAMED, --add-opens=jdk.internal.jvmstat/sun.jvmstat.monitor=ALL-UNNAMED, --add-opens=java.base/sun.reflect.generics.reflectiveObjects=ALL-UNNAMED, --add-opens=jdk.management/com.sun.management.internal=ALL-UNNAMED, --add-opens=java.base/java.io=ALL-UNNAMED, --add-opens=java.base/java.nio=ALL-UNNAMED, --add-opens=java.base/java.net=ALL-UNNAMED, --add-opens=java.base/java.util=ALL-UNNAMED, --add-opens=java.base/java.util.concurrent=ALL-UNNAMED, --add-opens=java.base/java.util.concurrent.locks=ALL-UNNAMED, --add-opens=java.base/java.util.concurrent.atomic=ALL-UNNAMED, --add-opens=java.base/java.lang=ALL-UNNAMED, --add-opens=java.base/java.lang.invoke=ALL-UNNAMED, --add-opens=java.base/java.math=ALL-UNNAMED, --add-opens=java.sql/java.sql=ALL-UNNAMED, --add-opens=java.base/java.lang.reflect=ALL-UNNAMED, --add-opens=java.base/java.time=ALL-UNNAMED, --add-opens=java.base/java.text=ALL-UNNAMED, --add-opens=java.management/sun.management=ALL-UNNAMED, --add-opens=java.desktop/java.awt.font=ALL-UNNAMED, -Xms1g, -Xmx1g, -XX:MaxMetaspaceSize=256m, -DIGNITE_QUIET=true, -DIGNITE_SUCCESS_FILE=C:\Users\pipi\OneDrive\桌面\apache-ignite-2.16.0-bin\work\ignite_success_379476e9-cf54-410f-9301-8a09581d103f, -DIGNITE_HOME=C:\Users\pipi\OneDrive\桌面\apache-ignite-2.16.0-bin, -DIGNITE_PROG_NAME=ignite.bat, -Dfile.encoding=UTF-8]
[17:09:30,741][INFO][main][IgniteKernal] System cache's DataRegion size is configured to 40 MB. Use DataStorageConfiguration.systemRegionInitialSize property to change the setting.
[17:09:30,741][INFO][main][IgniteKernal] Configured caches [in 'sysMemPlc' dataRegion: ['ignite-sys-cache'], in 'default' dataRegion: ['my_cache']]
[17:09:30,741][WARNING][main][IgniteKernal] Please set system property '-Djava.net.preferIPv4Stack=true' to avoid possible problems in mixed environments.
[17:09:30,741][INFO][main][IgniteKernal] 3-rd party licenses can be found at: C:\Users\pipi\OneDrive\桌面\apache-ignite-2.16.0-bin\libs\licenses
[17:09:30,793][INFO][main][IgnitePluginProcessor] Configured plugins:
[17:09:30,793][INFO][main][IgnitePluginProcessor]   ^-- None
[17:09:30,793][INFO][main][IgnitePluginProcessor] 
[17:09:30,795][INFO][main][FailureProcessor] Configured failure handler: [hnd=StopNodeOrHaltFailureHandler [tryStop=false, timeout=0, super=AbstractFailureHandler [ignoredFailureTypes=UnmodifiableSet [SYSTEM_WORKER_BLOCKED, SYSTEM_CRITICAL_OPERATION_TIMEOUT]]]]
[17:09:30,988][INFO][main][TcpCommunicationSpi] Successfully bound communication NIO server to TCP port [port=47100, locHost=0.0.0.0/0.0.0.0, selectorsCnt=8, selectorSpins=0, pairedConn=false]
[17:09:30,988][WARNING][main][TcpCommunicationSpi] Message queue limit is set to 0 which may lead to potential OOMEs when running cache operations in FULL_ASYNC or PRIMARY_SYNC modes due to message queues growth on sender and receiver sides.
[17:09:31,011][INFO][main][GridCollisionManager] Collision resolution is disabled (all jobs will be activated upon arrival).
[17:09:31,040][INFO][main][TcpDiscoverySpi] Successfully bound to TCP port [port=47500, localHost=0.0.0.0/0.0.0.0, locNodeId=582e93ca-1723-4aff-9212-caceaf3eafdd]
[17:09:31,044][INFO][main][MaintenanceProcessor] Resolved store directory for node persistent data: C:\Users\pipi\OneDrive\桌面\apache-ignite-2.16.0-bin\work\db\0_0_0_0_0_0_0_1_127_0_0_1_192_168_1_201_47500
[17:09:31,068][INFO][main][CacheObjectBinaryProcessorImpl] Resolved directory for serialized binary metadata: C:\Users\pipi\OneDrive\桌面\apache-ignite-2.16.0-bin\work\db\binary_meta\0_0_0_0_0_0_0_1_127_0_0_1_192_168_1_201_47500
[17:09:31,185][INFO][main][GridLocalConfigManager] Resolved page store work directory: C:\Users\pipi\OneDrive\桌面\apache-ignite-2.16.0-bin\work\db\0_0_0_0_0_0_0_1_127_0_0_1_192_168_1_201_47500
[17:09:31,202][INFO][main][FilePageStoreManager] Resolved page store work directory: C:\Users\pipi\OneDrive\桌面\apache-ignite-2.16.0-bin\work\db\0_0_0_0_0_0_0_1_127_0_0_1_192_168_1_201_47500
[17:09:31,205][INFO][main][FileWriteAheadLogManager] Resolved write ahead log work directory: C:\Users\pipi\OneDrive\桌面\apache-ignite-2.16.0-bin\work\db\wal\0_0_0_0_0_0_0_1_127_0_0_1_192_168_1_201_47500
[17:09:31,205][INFO][main][FileWriteAheadLogManager] Resolved write ahead log archive directory: C:\Users\pipi\OneDrive\桌面\apache-ignite-2.16.0-bin\work\db\wal\archive\0_0_0_0_0_0_0_1_127_0_0_1_192_168_1_201_47500
[17:09:31,231][INFO][main][FileHandleManagerImpl] Initialized write-ahead log manager [mode=LOG_ONLY]
[17:09:31,251][INFO][main][GridCacheDatabaseSharedManager] Configured data regions initialized successfully [total=5]
[17:09:31,266][INFO][main][IgniteSnapshotManager] Resolved temp directory for snapshot creation: C:\Users\pipi\OneDrive\桌面\apache-ignite-2.16.0-bin\work\db\0_0_0_0_0_0_0_1_127_0_0_1_192_168_1_201_47500\snp
[17:09:31,266][INFO][main][IgniteSnapshotManager] Resolved snapshot work directory: C:\Users\pipi\OneDrive\桌面\apache-ignite-2.16.0-bin\work\snapshots
[17:09:31,313][WARNING][main][IgniteH2Indexing] Serialization of Java objects in H2 was enabled.
[17:09:31,437][INFO][main][ClientListenerProcessor] Client connector processor has started on TCP port 10800
[17:09:31,474][INFO][main][GridTcpRestProtocol] Command protocol successfully started [name=TCP binary, host=0.0.0.0/0.0.0.0, port=11211]
[17:09:31,516][INFO][main][IgniteKernal] Non-loopback local IPs: 192.168.1.201, fe80:0:0:0:50aa:704c:dc86:cc97%ethernet_32769, fe80:0:0:0:d28d:5091:418f:8ea7%wireless_32769, fe80:0:0:0:dd5a:4392:a3e4:5907%wireless_32768, fe80:0:0:0:de3e:31df:6220:8ab5%ethernet_32770, fe80:0:0:0:fbb0:611b:a364:8ccc%wireless_32770
[17:09:31,516][INFO][main][IgniteKernal] Enabled local MACs: 0433C2F50C17, 0433C2F50C18, 0433C2F50C1B, 0633C2F50C17, 2CF05D64F75A
[17:09:31,523][INFO][main][CheckpointMarkersStorage] Read checkpoint status [startMarker=C:\Users\pipi\OneDrive\桌面\apache-ignite-2.16.0-bin\work\db\0_0_0_0_0_0_0_1_127_0_0_1_192_168_1_201_47500\cp\1717418082154-4e2dfa8f-52b1-4931-873e-96122dc57bba-START.bin, endMarker=C:\Users\pipi\OneDrive\桌面\apache-ignite-2.16.0-bin\work\db\0_0_0_0_0_0_0_1_127_0_0_1_192_168_1_201_47500\cp\1717418082154-4e2dfa8f-52b1-4931-873e-96122dc57bba-END.bin]
[17:09:31,528][INFO][main][PageMemoryImpl] Started page memory [memoryAllocated=100.0 MiB, pages=24800, tableSize=1.9 MiB, replacementSize=3.1 KiB, checkpointBuffer=100.0 MiB]
[17:09:31,529][INFO][main][GridCacheDatabaseSharedManager] Checking memory state [lastValidPos=WALPointer [idx=1, fileOff=18838549, len=11624], lastMarked=WALPointer [idx=1, fileOff=18838549, len=11624], lastCheckpointId=4e2dfa8f-52b1-4931-873e-96122dc57bba]
[17:09:31,575][INFO][main][GridCacheDatabaseSharedManager] Found last checkpoint marker [cpId=4e2dfa8f-52b1-4931-873e-96122dc57bba, pos=WALPointer [idx=1, fileOff=18838549, len=11624]]
[17:09:31,616][INFO][main][GridCacheDatabaseSharedManager] Applying lost metastore updates since last checkpoint record [lastMarked=WALPointer [idx=1, fileOff=18838549, len=11624], lastCheckpointId=4e2dfa8f-52b1-4931-873e-96122dc57bba]
[17:09:31,638][INFO][main][GridCacheDatabaseSharedManager] Finished applying WAL changes [updatesApplied=0, time=15 ms]
[17:09:31,639][INFO][main][GridCacheProcessor] Restoring partition state for local groups.
[17:09:31,641][INFO][main][GridCacheProcessor] Finished restoring partition state for local groups [groupsProcessed=0, partitionsProcessed=0, time=15ms]
[17:09:31,660][INFO][main][GridEncryptionManager] Encryption keys loaded from metastore. [grps=, masterKeyName=null]
[17:09:31,673][INFO][main][GridClusterStateProcessor] Restoring history for BaselineTopology[id=0]
[17:09:31,686][WARNING][main][GridLocalConfigManager] Static configuration for the following caches will be ignored because a persistent cache with the same name already exist (see https://apacheignite.readme.io/docs/cache-configuration for more information): [my_cache]
[17:09:31,694][INFO][main][ClusterProcessor] Cluster ID and tag has been read from metastorage: ClusterIdAndTag [id=2aaaec85-dc63-4a44-b4a0-40d278124f19, tag=funny_hoover]
[17:09:31,697][INFO][main][IgniteClusterImpl] Shutdown policy was updated [oldVal=null, newVal=null]
[17:09:31,698][INFO][main][DistributedBaselineConfiguration] Baseline parameter 'baselineAutoAdjustEnabled' was changed from 'null' to 'false'
[17:09:31,698][INFO][main][DistributedBaselineConfiguration] Baseline parameter 'baselineAutoAdjustTimeout' was changed from 'null' to '300000'
[17:09:31,698][INFO][main][IgniteTxManager] Transactions parameter 'txOwnerDumpRequestsAllowed' was changed from 'null' to 'true'
[17:09:31,699][INFO][main][IgniteTxManager] Transactions parameter 'longOperationsDumpTimeout' was changed from 'null' to '60000'
[17:09:31,699][INFO][main][IgniteTxManager] Transactions parameter 'longTransactionTimeDumpThreshold' was changed from 'null' to '0'
[17:09:31,699][INFO][main][IgniteTxManager] Transactions parameter 'transactionTimeDumpSamplesCoefficient' was changed from 'null' to '0.0'
[17:09:31,699][INFO][main][IgniteTxManager] Transactions parameter 'longTransactionTimeDumpSamplesPerSecondLimit' was changed from 'null' to '5'
[17:09:31,699][INFO][main][IgniteTxManager] Transactions parameter 'collisionsDumpInterval' was changed from 'null' to '1000'
[17:09:31,700][INFO][main][GridCacheDatabaseSharedManager] Historical rebalance WAL threshold changed [property=historical.rebalance.threshold, oldVal=null, newVal=500]
[17:09:31,700][INFO][main][GridCacheDatabaseSharedManager] Checkpoint frequency deviation changed [oldVal=null, newVal=null]
[17:09:31,700][INFO][main][IgniteSnapshotManager] The snapshot transfer rate is not limited.
[17:09:31,700][INFO][main][IgniteH2Indexing] SQL parameter 'sql.defaultQueryTimeout' was changed from 'null' to '0'
[17:09:31,701][INFO][main][IgniteH2Indexing] SQL parameter 'sql.disabledFunctions' was changed from 'null' to '[FILE_WRITE, CANCEL_SESSION, MEMORY_USED, CSVREAD, LINK_SCHEMA, MEMORY_FREE, FILE_READ, CSVWRITE, SESSION_ID, LOCK_MODE]'
[17:09:31,701][INFO][main][IgniteStatisticsManagerImpl] Statistics usage state was changed from null to null
[17:09:31,704][INFO][main][FilePageStoreManager] Cleanup cache stores [total=1, left=0, cleanFiles=false]
[17:09:31,705][INFO][main][PageMemoryImpl] Started page memory [memoryAllocated=100.0 MiB, pages=24800, tableSize=1.9 MiB, replacementSize=3.1 KiB, checkpointBuffer=100.0 MiB]
[17:09:31,706][INFO][main][PageMemoryImpl] Started page memory [memoryAllocated=100.0 MiB, pages=24800, tableSize=1.9 MiB, replacementSize=3.1 KiB, checkpointBuffer=100.0 MiB]
[17:09:31,708][INFO][main][PageMemoryImpl] Started page memory [memoryAllocated=100.0 MiB, pages=24800, tableSize=1.9 MiB, replacementSize=3.1 KiB, checkpointBuffer=100.0 MiB]
[17:09:31,708][INFO][main][GridCacheDatabaseSharedManager] Data Regions Started: 5
[17:09:31,710][INFO][main][GridCacheDatabaseSharedManager] Starting binary memory restore for: [-479252689, -2100569601]
[17:09:31,944][INFO][main][CheckpointMarkersStorage] Read checkpoint status [startMarker=C:\Users\pipi\OneDrive\桌面\apache-ignite-2.16.0-bin\work\db\0_0_0_0_0_0_0_1_127_0_0_1_192_168_1_201_47500\cp\1717418082154-4e2dfa8f-52b1-4931-873e-96122dc57bba-START.bin, endMarker=C:\Users\pipi\OneDrive\桌面\apache-ignite-2.16.0-bin\work\db\0_0_0_0_0_0_0_1_127_0_0_1_192_168_1_201_47500\cp\1717418082154-4e2dfa8f-52b1-4931-873e-96122dc57bba-END.bin]
[17:09:31,944][INFO][main][GridCacheDatabaseSharedManager] Checking memory state [lastValidPos=WALPointer [idx=1, fileOff=18838549, len=11624], lastMarked=WALPointer [idx=1, fileOff=18838549, len=11624], lastCheckpointId=4e2dfa8f-52b1-4931-873e-96122dc57bba]
[17:09:31,984][INFO][main][GridCacheDatabaseSharedManager] Found last checkpoint marker [cpId=4e2dfa8f-52b1-4931-873e-96122dc57bba, pos=WALPointer [idx=1, fileOff=18838549, len=11624]]
[17:09:31,988][INFO][main][GridCacheDatabaseSharedManager] Binary memory state restored at node startup [restoredPtr=WALPointer [idx=1, fileOff=18850272, len=0]]
[17:09:32,012][INFO][main][FileWriteAheadLogManager] Resuming logging to WAL segment [file=C:\Users\pipi\OneDrive\桌面\apache-ignite-2.16.0-bin\work\db\wal\0_0_0_0_0_0_0_1_127_0_0_1_192_168_1_201_47500\0000000000000001.wal, offset=18850272, ver=2]
[17:09:32,074][INFO][main][PageMemoryImpl] Started page memory [memoryAllocated=3.2 GiB, pages=803664, tableSize=62.5 MiB, replacementSize=98.1 KiB, checkpointBuffer=809.7 MiB]
[17:09:32,119][INFO][main][GridCacheProcessor] Started cache in recovery mode [name=my_cache, id=-479252689, dataRegionName=default, mode=PARTITIONED, atomicity=ATOMIC, backups=0]
[17:09:32,125][INFO][main][GridCacheProcessor] Started cache in recovery mode [name=ignite-sys-cache, id=-2100569601, dataRegionName=sysMemPlc, mode=REPLICATED, atomicity=TRANSACTIONAL, backups=2147483647]
[17:09:32,126][INFO][main][GridCacheDatabaseSharedManager] Binary recovery performed in 416 ms.
[17:09:32,127][INFO][main][CheckpointMarkersStorage] Read checkpoint status [startMarker=C:\Users\pipi\OneDrive\桌面\apache-ignite-2.16.0-bin\work\db\0_0_0_0_0_0_0_1_127_0_0_1_192_168_1_201_47500\cp\1717418082154-4e2dfa8f-52b1-4931-873e-96122dc57bba-START.bin, endMarker=C:\Users\pipi\OneDrive\桌面\apache-ignite-2.16.0-bin\work\db\0_0_0_0_0_0_0_1_127_0_0_1_192_168_1_201_47500\cp\1717418082154-4e2dfa8f-52b1-4931-873e-96122dc57bba-END.bin]
[17:09:32,128][INFO][main][GridCacheDatabaseSharedManager] Applying lost cache updates since last checkpoint record [lastMarked=WALPointer [idx=1, fileOff=18838549, len=11624], lastCheckpointId=4e2dfa8f-52b1-4931-873e-96122dc57bba]
[17:09:32,149][INFO][main][GridCacheDatabaseSharedManager] Finished applying WAL changes [updatesApplied=0, time=15 ms]
[17:09:32,149][INFO][main][GridCacheProcessor] Restoring partition state for local groups.
[17:09:32,260][INFO][main][GridCacheProcessor] Finished restoring partition state for local groups [groupsProcessed=2, partitionsProcessed=1124, time=112ms]
[17:09:32,289][WARNING][main][TcpDiscoveryMulticastIpFinder] TcpDiscoveryMulticastIpFinder has no pre-configured addresses (it is recommended in production to specify at least one address in TcpDiscoveryMulticastIpFinder.getAddresses() configuration property)
[17:09:33,530][INFO][disco-notifier-worker-#89][MvccProcessorImpl] Assigned mvcc coordinator [crd=MvccCoordinator [topVer=AffinityTopologyVersion [topVer=1, minorTopVer=0], nodeId=582e93ca-1723-4aff-9212-caceaf3eafdd, ver=1717664973527, local=true, initialized=false]]
[17:09:33,534][INFO][sys-#85][ClusterProcessor] Writing cluster ID and tag to metastorage on ready for write ClusterIdAndTag [id=2aaaec85-dc63-4a44-b4a0-40d278124f19, tag=funny_hoover]
[17:09:33,650][INFO][main][IgniteKernal] Security status [authentication=off, sandbox=off, tls/ssl=off]
[17:09:33,650][INFO][main][IgniteKernal] Performance suggestions for grid  (fix if possible)
[17:09:33,650][INFO][main][IgniteKernal] To disable, set -DIGNITE_PERFORMANCE_SUGGESTIONS_DISABLED=true
[17:09:33,650][INFO][main][IgniteKernal]   ^-- Switch to the most recent 11 JVM version
[17:09:33,650][INFO][main][IgniteKernal]   ^-- Set max direct memory size if getting 'OOME: Direct buffer memory' (add '-XX:MaxDirectMemorySize=<size>[g|G|m|M|k|K]' to JVM options)
[17:09:33,651][INFO][main][IgniteKernal] Refer to this page for more performance suggestions: https://ignite.apache.org/docs/latest/perf-and-troubleshooting/memory-tuning
[17:09:33,651][INFO][main][IgniteKernal] 
[17:09:33,651][INFO][main][IgniteKernal] 

>>> +-----------------------------------------------------------------------+
>>> Ignite ver. 2.16.0#20231215-sha1:7bde6a42b7fda05f8058350d30d67e57ada216d0
>>> +-----------------------------------------------------------------------+
>>> OS name: Windows 11 10.0 amd64
>>> CPU(s): 16
>>> Heap: 1.0GB
>>> VM name: 6504@MSI
>>> Local node [ID=582E93CA-1723-4AFF-9212-CACEAF3EAFDD, order=1, clientMode=false]
>>> Local node addresses: [MSI/0:0:0:0:0:0:0:1, /127.0.0.1, /192.168.1.201]
>>> Local ports: TCP:10800 TCP:11211 TCP:47100 UDP:47400 TCP:47500 
>>> +-----------------------------------------------------------------------+

[17:09:33,652][INFO][main][IgniteKernal] >>> Ignite cluster is in INACTIVE state (limited functionality available). Use control.(sh|bat) script or IgniteCluster.state(ClusterState.ACTIVE) to change the state.
[17:09:33,654][INFO][main][GridDiscoveryManager] Topology snapshot [ver=1, locNode=582e93ca, servers=1, clients=0, state=INACTIVE, CPUs=16, offheap=3.2GB, heap=1.0GB, aliveNodes=[TcpDiscoveryNode [id=582e93ca-1723-4aff-9212-caceaf3eafdd, consistentId=0:0:0:0:0:0:0:1,127.0.0.1,192.168.1.201:47500, isClient=false, ver=2.16.0#20231215-sha1:7bde6a42]]]
[17:09:33,654][INFO][main][GridDiscoveryManager]   ^-- Baseline [id=0, size=2, online=1, offline=1]
[17:09:33,654][INFO][main][GridDiscoveryManager]   ^-- 1 nodes left for auto-activation [5736ef25-46a8-4ba0-8cc1-c9866ba41ae0]
[17:09:33,655][INFO][main][G] Node started : [stage="Configure system pool" (44 ms),stage="Start managers" (355 ms),stage="Configure binary metadata" (28 ms),stage="Start processors" (418 ms),stage="Init metastore" (193 ms),stage="Init and start regions" (5 ms),stage="Restore binary memory" (416 ms),stage="Restore logical state" (134 ms),stage="Finish recovery" (16 ms),stage="Join topology" (1252 ms),stage="Await transition" (8 ms),stage="Await exchange" (116 ms),stage="Total time" (2985 ms)]
